Removed Pin From Net: NetName=GND Pin=C7-1
Removed Pin From Net: NetName=5V0 Pin=C7-2
Removed Pin From Net: NetName=3V3 Pin=C8-1
Removed Pin From Net: NetName=GND Pin=C8-2
Removed Pin From Net: NetName=GND Pin=R7-1
Removed Pin From Net: NetName=GND Pin=SW2-1
Removed Pin From Net: NetName=3V3 Pin=SW2-3
Removed Pin From Net: NetName=3V3 Pin=U4-1
Removed Pin From Net: NetName=GND Pin=U4-7
Removed Pin From Net: NetName=MOSI_5V Pin=U4-11
Removed Pin From Net: NetName=RESET_5V Pin=U4-12
Removed Pin From Net: NetName=SCK_5V Pin=U4-13
Removed Pin From Net: NetName=5V0 Pin=U4-14
Removed Member From Class: ClassName=Main Member=C8
Removed Member From Class: ClassName=Main Member=R12
Removed Member From Class: ClassName=Main Member=R13
Change Component Footprint: Designator=SW2 Old Footprint=FP-JS102011SAQN-MFG New Footprint=450404015514
Change Component Footprint: Designator=U4 Old Footprint=Texas_Instruments_PW0014A_MFG New Footprint=PW0020A_N
Change Component Comment : Designator=SW2 Old Comment=JS102011SAQN New Comment=450404015514
Change Component Comment : Designator=U4 Old Comment=TXB0104PWR New Comment=SN74LVC245APWRG3
Change Component Designator: OldDesignator=R1 NewDesignator=R2
Change Component Designator: OldDesignator=R2 NewDesignator=R4
Change Component Designator: OldDesignator=R3 NewDesignator=R5
Change Component Designator: OldDesignator=R4 NewDesignator=R6
Change Component Designator: OldDesignator=R5 NewDesignator=R7
Change Component Designator: OldDesignator=R6 NewDesignator=R8
Change Component Designator: OldDesignator=R12 NewDesignator=R1
Change Component Designator: OldDesignator=R13 NewDesignator=R3
Change Managed Component Library Link : Designator=SW2 Old VaultGUID=B7D15EC3-160A-466F-A46C-7801FE6295A7 New VaultGUID=B7D15EC3-160A-466F-A46C-7801FE6295A7 Old ItemGUID=B110C6BD-4BD2-42F2-AB43-B7F01C090257 New ItemGUID=EC713526-9A0B-4725-B7AD-83A7149CB621 Old RevisionGUID=759F9ADE-8BDA-493F-8A13-43B8B829F065 New RevisionGUID=07583B61-CE5F-4DBA-9BAC-991F76C29591
Change Managed Component Library Link : Designator=U4 Old VaultGUID=B7D15EC3-160A-466F-A46C-7801FE6295A7 New VaultGUID=B7D15EC3-160A-466F-A46C-7801FE6295A7 Old ItemGUID=846D2AC3-BEC3-4C42-9C63-6C5AFFF96B6E New ItemGUID=C46C2F43-21F9-4BB5-9E89-E26364C52E13 Old RevisionGUID=72B42383-9B1F-4C30-9E7C-15047A9F0ABE New RevisionGUID=9DC5E6F4-77A8-45FD-B955-33508BD71C41
Change component parameters: Designator = "SW2" ("SW2"); Footprint = "FP-JS102011SAQN-MFG"; UniqueID = "\WXJRLZZI" ("\WXJRLZZI")
Change component parameters (AddParameter): Name = "Contact Plating"; Value = "Silver"; VariantName = "[No Variations]"
Change component parameters (AddParameter): Name = "Current Rating"; Value = "300mA"; VariantName = "[No Variations]"
Change component parameters (AddParameter): Name = "Insulation Resistance"; Value = "100MO"; VariantName = "[No Variations]"
Change component parameters (AddParameter): Name = "Max Operating Temperature"; Value = "85°C"; VariantName = "[No Variations]"
Change component parameters (AddParameter): Name = "Min Operating Temperature"; Value = "-40°C"; VariantName = "[No Variations]"
Change component parameters (AddParameter): Name = "NexarPartId"; Value = "99472344"; VariantName = "[No Variations]"
Change component parameters (AddParameter): Name = "Packaging"; Value = "Tape and Reel"; VariantName = "[No Variations]"
Change component parameters (AddParameter): Name = "RoHS"; Value = "Compliant"; VariantName = "[No Variations]"
Change component parameters (AddParameter): Name = "Voltage Rating"; Value = "5V"; VariantName = "[No Variations]"
Change component parameters: Designator = "U4" ("U4"); Footprint = "Texas_Instruments_PW0014A_MFG"; UniqueID = "\POAWHELZ" ("\POAWHELZ")
Change component parameters (AddParameter): Name = "Bits(#)"; Value = "8"; VariantName = "[No Variations]"
Change component parameters (AddParameter): Name = "Code_JEDEC"; Value = "MO-153"; VariantName = "[No Variations]"
Change component parameters (AddParameter): Name = "DatasheetVersion"; Value = "SCAS218X"; VariantName = "[No Variations]"
Change component parameters (AddParameter): Name = "F @ Nom Voltage(Max)(Mhz)"; Value = "100"; VariantName = "[No Variations]"
Change component parameters (AddParameter): Name = "Generic Part Number"; Value = "SN74LVC245A"; VariantName = "[No Variations]"
Change component parameters (AddParameter): Name = "ICC @ Nom Voltage(Max)(mA)"; Value = "0.03"; VariantName = "[No Variations]"
Change component parameters (AddParameter): Name = "Input Type"; Value = "TTL/CMOS"; VariantName = "[No Variations]"
Change component parameters (AddParameter): Name = "Manufacturer"; Value = "Texas Instruments"; VariantName = "[No Variations]"
Change component parameters (AddParameter): Name = "Operating Temperature Range(C)"; Value = "-40 to 125"; VariantName = "[No Variations]"
Change component parameters (AddParameter): Name = "Output Drive (IOL/IOH)(Max)(mA)"; Value = "-24/24"; VariantName = "[No Variations]"
Change component parameters (AddParameter): Name = "Output Type"; Value = "LVTTL"; VariantName = "[No Variations]"
Change component parameters (AddParameter): Name = "PackageReference"; Value = "PW0020A"; VariantName = "[No Variations]"
Change component parameters (AddParameter): Name = "Rating"; Value = "Catalog"; VariantName = "[No Variations]"
Change component parameters (AddParameter): Name = "Schmitt Trigger"; Value = "No"; VariantName = "[No Variations]"
Change component parameters (AddParameter): Name = "Technology Family"; Value = "LVC"; VariantName = "[No Variations]"
Change component parameters (AddParameter): Name = "tpd @ Nom Voltage(Max)(ns)"; Value = "12.7,8.3,7.3,6.3"; VariantName = "[No Variations]"
Change component parameters (AddParameter): Name = "VCC(Max)(V)"; Value = "3.6"; VariantName = "[No Variations]"
Change component parameters (AddParameter): Name = "VCC(Min)(V)"; Value = "1.65"; VariantName = "[No Variations]"
Change component parameters (AddParameter): Name = "Voltage(Nom)(V)"; Value = "1.8,2.5,2.7,3.3"; VariantName = "[No Variations]"
Added Component: Designator=R9(RESC3116X65X40LL10T20)
Add component (AddParameter): Name = "Case Code (Imperial)"; Value = "1206"; VariantName = "[No Variations]"
Add component (AddParameter): Name = "Case Code (Metric)"; Value = "3216"; VariantName = "[No Variations]"
Add component (AddParameter): Name = "Case/Package"; Value = "1206"; VariantName = "[No Variations]"
Add component (AddParameter): Name = "Composition"; Value = "ThickFilm"; VariantName = "[No Variations]"
Add component (AddParameter): Name = "Datasheet URL"; Value = "http://www.yageo.com/NewPortal/yageodocoutput?fileName=/pdf/R-Chip/PYu-RC_Group_51_RoHS_L_5.pdf"; VariantName = "[No Variations]"
Add component (AddParameter): Name = "Datasheet Version"; Value = "Rev. 5, 10/2016"; VariantName = "[No Variations]"
Add component (AddParameter): Name = "Depth"; Value = "1.6mm"; VariantName = "[No Variations]"
Add component (AddParameter): Name = "Height"; Value = "0.55mm"; VariantName = "[No Variations]"
Add component (AddParameter): Name = "Lead Free"; Value = "LeadFree"; VariantName = "[No Variations]"
Add component (AddParameter): Name = "Length"; Value = "3.1mm"; VariantName = "[No Variations]"
Add component (AddParameter): Name = "Manufacturer"; Value = "Yageo"; VariantName = "[No Variations]"
Add component (AddParameter): Name = "Manufacturer URL"; Value = "http://www.yageo.com/"; VariantName = "[No Variations]"
Add component (AddParameter): Name = "Max Operating Temperature"; Value = "155degC"; VariantName = "[No Variations]"
Add component (AddParameter): Name = "Military Standard"; Value = "Not"; VariantName = "[No Variations]"
Add component (AddParameter): Name = "Min Operating Temperature"; Value = "-55degC"; VariantName = "[No Variations]"
Add component (AddParameter): Name = "Package Description"; Value = "2-Pin Surface Mount Device, Body 3.1 x 1.6 mm"; VariantName = "[No Variations]"
Add component (AddParameter): Name = "Package Quantity"; Value = "5000"; VariantName = "[No Variations]"
Add component (AddParameter): Name = "Package Reference"; Value = "1206.0"; VariantName = "[No Variations]"
Add component (AddParameter): Name = "Packaging"; Value = "TapeandReel"; VariantName = "[No Variations]"
Add component (AddParameter): Name = "Power Rating"; Value = "250mW"; VariantName = "[No Variations]"
Add component (AddParameter): Name = "REACH SVHC"; Value = "Unknown"; VariantName = "[No Variations]"
Add component (AddParameter): Name = "Resistance"; Value = "10KOhm"; VariantName = "[No Variations]"
Add component (AddParameter): Name = "RoHSCompliant"; Value = "true"; VariantName = "[No Variations]"
Add component (AddParameter): Name = "Temperature Coefficient"; Value = "100ppm/degreesC"; VariantName = "[No Variations]"
Add component (AddParameter): Name = "Termination"; Value = "SMD/SMT"; VariantName = "[No Variations]"
Add component (AddParameter): Name = "Tolerance"; Value = "1%"; VariantName = "[No Variations]"
Add component (AddParameter): Name = "Voltage Rating"; Value = "200V"; VariantName = "[No Variations]"
Add component (AddParameter): Name = "Width"; Value = "1.6mm"; VariantName = "[No Variations]"
Added Pin To Net: NetName=3V3 Pin=C7-1
Added Pin To Net: NetName=GND Pin=C7-2
Added Pin To Net: NetName=3V3 Pin=R9-2
Added Pin To Net: NetName=3V3 Pin=SW2-L1
Added Pin To Net: NetName=GND Pin=SW2-L2
Added Pin To Net: NetName=GND Pin=U4-1
Added Pin To Net: NetName=GND Pin=U4-10
Added Pin To Net: NetName=GND Pin=U4-11
Added Pin To Net: NetName=GND Pin=U4-12
Added Pin To Net: NetName=GND Pin=U4-13
Added Pin To Net: NetName=GND Pin=U4-14
Added Pin To Net: NetName=GND Pin=U4-15
Added Pin To Net: NetName=MOSI_5V Pin=U4-16
Added Pin To Net: NetName=RESET_5V Pin=U4-17
Added Pin To Net: NetName=SCK_5V Pin=U4-18
Added Pin To Net: NetName=3V3 Pin=U4-20
Added Pin To Net: NetName=NetR9_1 Pin=R9-1
Added Pin To Net: NetName=NetR9_1 Pin=SW2-COM
Added Pin To Net: NetName=NetR9_1 Pin=U4-19
Added Net: Name=NetR9_1
Added Member To Class: ClassName=Main Member=Component R8 620O
Added Member To Class: ClassName=Main Member=Component R9 10kO
